<?xml version="1.0" encoding="UTF-8"?>
<!-- Generated by org.testng.reporters.JUnitXMLReporter -->
<testsuite hostname="Lattitude5440" name="WIN10TEST" tests="1" failures="0" timestamp="19 Oct 2020 13:21:11 GMT" time="0.068" errors="0">
  <testcase name="@BeforeTest setUp" time="0.0" classname="Login.TunnelTest">
    <failure type="org.testng.TestNGException" message="
Parameter &amp;apos;deviceName&amp;apos; is required by @Configuration on method setUp but has not been marked @Optional or defined
in C:\Users\Admin\workspace\Lambdatest_Login\testng.xml">
      <![CDATA[org.testng.TestNGException: 
Parameter 'deviceName' is required by @Configuration on method setUp but has not been marked @Optional or defined
in C:\Users\Admin\workspace\Lambdatest_Login\testng.xml
	at java.util.concurrent.FutureTask.run(Unknown Source)
	at java.util.concurrent.ThreadPoolExecutor.runWorker(Unknown Source)
	at java.util.concurrent.ThreadPoolExecutor$Worker.run(Unknown Source)
	at java.lang.Thread.run(Unknown Source)
... Removed 11 stack frames]]>
    </failure>
  </testcase> <!-- @BeforeTest setUp -->
  <testcase name="@BeforeMethod setUp" time="0.0" classname="Login.TunnelTest">
    <skipped/>
  </testcase> <!-- @BeforeMethod setUp -->
  <testcase name="@AfterTest afterTest" time="0.0" classname="Login.TunnelTest">
    <skipped/>
  </testcase> <!-- @AfterTest afterTest -->
  <testcase name="main" time="0.001" classname="Login.TunnelTest">
    <skipped/>
  </testcase> <!-- main -->
</testsuite> <!-- WIN10TEST -->
