<?xml version="1.0" encoding="UTF-8"?>
<!-- Generated by org.testng.reporters.JUnitXMLReporter -->
<testsuite hostname="Lattitude5440" name="WIN8TEST" tests="1" failures="1" timestamp="19 Oct 2020 13:22:18 GMT" time="67.149" errors="0">
  <testcase name="main" time="0.003" classname="Login.TunnelTest">
    <failure type="java.lang.Error" message="Unresolved compilation problems: 
	Syntax error on token &amp;quot;public&amp;quot;, new expected
	Syntax error, insert &amp;quot;;&amp;quot; to complete Statement
	pass cannot be resolved to a variable
">
      <![CDATA[java.lang.Error: Unresolved compilation problems: 
	Syntax error on token "public", new expected
	Syntax error, insert ";" to complete Statement
	pass cannot be resolved to a variable

	at Login.TunnelTest.main(TunnelTest.java:59)
	at java.util.concurrent.FutureTask.run(Unknown Source)
	at java.util.concurrent.ThreadPoolExecutor.runWorker(Unknown Source)
	at java.util.concurrent.ThreadPoolExecutor$Worker.run(Unknown Source)
	at java.lang.Thread.run(Unknown Source)
... Removed 16 stack frames]]>
    </failure>
  </testcase> <!-- main -->
</testsuite> <!-- WIN8TEST -->
